2020-08-13 23:53:27,758 WARN  [SoapUI] Missing folder [C:\Users\YogitaJunghare\Desktop\Main Project\my-app\ext] for external libraries
2020-08-13 23:53:28,045 INFO  [DefaultSoapUICore] initialized soapui-settings from [C:\Users\YogitaJunghare\soapui-settings.xml]
2020-08-13 23:53:31,574 INFO  [PluginManager] Adding plugin from [C:\Users\YogitaJunghare\.soapuios\plugins\ready-mqtt-plugin-dist.jar]
2020-08-13 23:53:31,575 INFO  [PluginManager] Adding plugin from [C:\Users\YogitaJunghare\.soapuios\plugins\soapui-swagger-plugin-2.2-dist.jar]
2020-08-13 23:53:32,936 ERROR [SoapUI] An error occurred [com.eviware.soapui.plugins.auto.factories.AutoImportMethodFactory], see error log for details
2020-08-13 23:53:32,943 ERROR [errorlog] java.lang.ClassNotFoundException: com.eviware.soapui.plugins.auto.factories.AutoImportMethodFactory
java.lang.ClassNotFoundException: com.eviware.soapui.plugins.auto.factories.AutoImportMethodFactory
	at org.codehaus.plexus.classworlds.strategy.SelfFirstStrategy.loadClass(SelfFirstStrategy.java:50)
	at org.codehaus.plexus.classworlds.realm.ClassRealm.unsynchronizedLoadClass(ClassRealm.java:271)
	at org.codehaus.plexus.classworlds.realm.ClassRealm.loadClass(ClassRealm.java:247)
	at org.codehaus.plexus.classworlds.realm.ClassRealm.loadClass(ClassRealm.java:239)
	at java.lang.Class.forName0(Native Method)
	at java.lang.Class.forName(Class.java:264)
	at com.eviware.soapui.plugins.LoaderBase.loadAutoFactories(LoaderBase.java:113)
	at com.eviware.soapui.plugins.LoaderBase.loadFactories(LoaderBase.java:80)
	at com.eviware.soapui.plugins.PluginLoader.loadPluginFactories(PluginLoader.java:141)
	at com.eviware.soapui.plugins.PluginLoader.loadPlugin(PluginLoader.java:104)
	at com.eviware.soapui.plugins.PluginLoader.loadPlugin(PluginLoader.java:54)
	at com.eviware.soapui.plugins.PluginManager.doInstallPlugin(PluginManager.java:141)
	at com.eviware.soapui.plugins.PluginManager.access$600(PluginManager.java:43)
	at com.eviware.soapui.plugins.PluginManager$LoadPluginsTask.computeSequentially(PluginManager.java:420)
	at com.eviware.soapui.plugins.PluginManager$LoadPluginsTask.compute(PluginManager.java:377)
	at com.eviware.soapui.plugins.PluginManager$LoadPluginsTask.compute(PluginManager.java:382)
	at com.eviware.soapui.plugins.PluginManager$LoadPluginsTask.compute(PluginManager.java:365)
	at java.util.concurrent.RecursiveTask.exec(RecursiveTask.java:94)
	at java.util.concurrent.ForkJoinTask.doExec(ForkJoinTask.java:289)
	at java.util.concurrent.ForkJoinPool$WorkQueue.runTask(ForkJoinPool.java:1056)
	at java.util.concurrent.ForkJoinPool.runWorker(ForkJoinPool.java:1692)
	at java.util.concurrent.ForkJoinWorkerThread.run(ForkJoinWorkerThread.java:157)
2020-08-13 23:53:33,110 ERROR [SoapUI] An error occurred [com.eviware.soapui.plugins.auto.factories.AutoDiscoveryMethodFactory], see error log for details
2020-08-13 23:53:33,114 ERROR [errorlog] java.lang.ClassNotFoundException: com.eviware.soapui.plugins.auto.factories.AutoDiscoveryMethodFactory
java.lang.ClassNotFoundException: com.eviware.soapui.plugins.auto.factories.AutoDiscoveryMethodFactory
	at org.codehaus.plexus.classworlds.strategy.SelfFirstStrategy.loadClass(SelfFirstStrategy.java:50)
	at org.codehaus.plexus.classworlds.realm.ClassRealm.unsynchronizedLoadClass(ClassRealm.java:271)
	at org.codehaus.plexus.classworlds.realm.ClassRealm.loadClass(ClassRealm.java:247)
	at org.codehaus.plexus.classworlds.realm.ClassRealm.loadClass(ClassRealm.java:239)
	at java.lang.Class.forName0(Native Method)
	at java.lang.Class.forName(Class.java:264)
	at com.eviware.soapui.plugins.LoaderBase.loadAutoFactories(LoaderBase.java:113)
	at com.eviware.soapui.plugins.LoaderBase.loadFactories(LoaderBase.java:80)
	at com.eviware.soapui.plugins.PluginLoader.loadPluginFactories(PluginLoader.java:141)
	at com.eviware.soapui.plugins.PluginLoader.loadPlugin(PluginLoader.java:104)
	at com.eviware.soapui.plugins.PluginLoader.loadPlugin(PluginLoader.java:54)
	at com.eviware.soapui.plugins.PluginManager.doInstallPlugin(PluginManager.java:141)
	at com.eviware.soapui.plugins.PluginManager.access$600(PluginManager.java:43)
	at com.eviware.soapui.plugins.PluginManager$LoadPluginsTask.computeSequentially(PluginManager.java:420)
	at com.eviware.soapui.plugins.PluginManager$LoadPluginsTask.compute(PluginManager.java:377)
	at com.eviware.soapui.plugins.PluginManager$LoadPluginsTask.compute(PluginManager.java:382)
	at com.eviware.soapui.plugins.PluginManager$LoadPluginsTask.compute(PluginManager.java:365)
	at java.util.concurrent.RecursiveTask.exec(RecursiveTask.java:94)
	at java.util.concurrent.ForkJoinTask.doExec(ForkJoinTask.java:289)
	at java.util.concurrent.ForkJoinPool$WorkQueue.runTask(ForkJoinPool.java:1056)
	at java.util.concurrent.ForkJoinPool.runWorker(ForkJoinPool.java:1692)
	at java.util.concurrent.ForkJoinWorkerThread.run(ForkJoinWorkerThread.java:157)
2020-08-13 23:53:33,144 ERROR [SoapUI] An error occurred [com.eviware.soapui.plugins.auto.factories.AutoImportMethodFactory], see error log for details
2020-08-13 23:53:33,147 ERROR [errorlog] java.lang.ClassNotFoundException: com.eviware.soapui.plugins.auto.factories.AutoImportMethodFactory
java.lang.ClassNotFoundException: com.eviware.soapui.plugins.auto.factories.AutoImportMethodFactory
	at org.codehaus.plexus.classworlds.strategy.SelfFirstStrategy.loadClass(SelfFirstStrategy.java:50)
	at org.codehaus.plexus.classworlds.realm.ClassRealm.unsynchronizedLoadClass(ClassRealm.java:271)
	at org.codehaus.plexus.classworlds.realm.ClassRealm.loadClass(ClassRealm.java:247)
	at org.codehaus.plexus.classworlds.realm.ClassRealm.loadClass(ClassRealm.java:239)
	at java.lang.Class.forName0(Native Method)
	at java.lang.Class.forName(Class.java:264)
	at com.eviware.soapui.plugins.LoaderBase.loadAutoFactories(LoaderBase.java:113)
	at com.eviware.soapui.plugins.LoaderBase.loadFactories(LoaderBase.java:80)
	at com.eviware.soapui.plugins.PluginLoader.loadPluginFactories(PluginLoader.java:141)
	at com.eviware.soapui.plugins.PluginLoader.loadPlugin(PluginLoader.java:104)
	at com.eviware.soapui.plugins.PluginLoader.loadPlugin(PluginLoader.java:54)
	at com.eviware.soapui.plugins.PluginManager.doInstallPlugin(PluginManager.java:141)
	at com.eviware.soapui.plugins.PluginManager.access$600(PluginManager.java:43)
	at com.eviware.soapui.plugins.PluginManager$LoadPluginsTask.computeSequentially(PluginManager.java:420)
	at com.eviware.soapui.plugins.PluginManager$LoadPluginsTask.compute(PluginManager.java:377)
	at com.eviware.soapui.plugins.PluginManager$LoadPluginsTask.compute(PluginManager.java:365)
	at java.util.concurrent.RecursiveTask.exec(RecursiveTask.java:94)
	at java.util.concurrent.ForkJoinTask.doExec(ForkJoinTask.java:289)
	at java.util.concurrent.ForkJoinPool$WorkQueue.runTask(ForkJoinPool.java:1056)
	at java.util.concurrent.ForkJoinPool.runWorker(ForkJoinPool.java:1692)
	at java.util.concurrent.ForkJoinWorkerThread.run(ForkJoinWorkerThread.java:157)
2020-08-13 23:53:33,289 INFO  [PluginManager] Adding plugin from [C:\Users\YogitaJunghare\.soapuios\plugins\ready-uxm-plugin-1.0.1-dist.jar]
2020-08-13 23:53:33,465 ERROR [SoapUI] An error occurred [com.eviware.soapui.plugins.auto.factories.AutoDiscoveryMethodFactory], see error log for details
2020-08-13 23:53:33,466 ERROR [errorlog] java.lang.ClassNotFoundException: com.eviware.soapui.plugins.auto.factories.AutoDiscoveryMethodFactory
java.lang.ClassNotFoundException: com.eviware.soapui.plugins.auto.factories.AutoDiscoveryMethodFactory
	at org.codehaus.plexus.classworlds.strategy.SelfFirstStrategy.loadClass(SelfFirstStrategy.java:50)
	at org.codehaus.plexus.classworlds.realm.ClassRealm.unsynchronizedLoadClass(ClassRealm.java:271)
	at org.codehaus.plexus.classworlds.realm.ClassRealm.loadClass(ClassRealm.java:247)
	at org.codehaus.plexus.classworlds.realm.ClassRealm.loadClass(ClassRealm.java:239)
	at java.lang.Class.forName0(Native Method)
	at java.lang.Class.forName(Class.java:264)
	at com.eviware.soapui.plugins.LoaderBase.loadAutoFactories(LoaderBase.java:113)
	at com.eviware.soapui.plugins.LoaderBase.loadFactories(LoaderBase.java:80)
	at com.eviware.soapui.plugins.PluginLoader.loadPluginFactories(PluginLoader.java:141)
	at com.eviware.soapui.plugins.PluginLoader.loadPlugin(PluginLoader.java:104)
	at com.eviware.soapui.plugins.PluginLoader.loadPlugin(PluginLoader.java:54)
	at com.eviware.soapui.plugins.PluginManager.doInstallPlugin(PluginManager.java:141)
	at com.eviware.soapui.plugins.PluginManager.access$600(PluginManager.java:43)
	at com.eviware.soapui.plugins.PluginManager$LoadPluginsTask.computeSequentially(PluginManager.java:420)
	at com.eviware.soapui.plugins.PluginManager$LoadPluginsTask.compute(PluginManager.java:377)
	at com.eviware.soapui.plugins.PluginManager$LoadPluginsTask.compute(PluginManager.java:365)
	at java.util.concurrent.RecursiveTask.exec(RecursiveTask.java:94)
	at java.util.concurrent.ForkJoinTask.doExec(ForkJoinTask.java:289)
	at java.util.concurrent.ForkJoinPool$WorkQueue.runTask(ForkJoinPool.java:1056)
	at java.util.concurrent.ForkJoinPool.runWorker(ForkJoinPool.java:1692)
	at java.util.concurrent.ForkJoinWorkerThread.run(ForkJoinWorkerThread.java:157)
2020-08-13 23:53:33,636 INFO  [PluginManager] Adding plugin from [C:\Users\YogitaJunghare\.soapuios\plugins\readyapi-postman-1.0.1.jar]
2020-08-13 23:53:34,422 ERROR [SoapUI] An error occurred [com.eviware.soapui.plugins.auto.factories.AutoImportMethodFactory], see error log for details
2020-08-13 23:53:34,427 ERROR [errorlog] java.lang.ClassNotFoundException: com.eviware.soapui.plugins.auto.factories.AutoImportMethodFactory
java.lang.ClassNotFoundException: com.eviware.soapui.plugins.auto.factories.AutoImportMethodFactory
	at org.codehaus.plexus.classworlds.strategy.SelfFirstStrategy.loadClass(SelfFirstStrategy.java:50)
	at org.codehaus.plexus.classworlds.realm.ClassRealm.unsynchronizedLoadClass(ClassRealm.java:271)
	at org.codehaus.plexus.classworlds.realm.ClassRealm.loadClass(ClassRealm.java:247)
	at org.codehaus.plexus.classworlds.realm.ClassRealm.loadClass(ClassRealm.java:239)
	at java.lang.Class.forName0(Native Method)
	at java.lang.Class.forName(Class.java:264)
	at com.eviware.soapui.plugins.LoaderBase.loadAutoFactories(LoaderBase.java:113)
	at com.eviware.soapui.plugins.LoaderBase.loadFactories(LoaderBase.java:80)
	at com.eviware.soapui.plugins.PluginLoader.loadPluginFactories(PluginLoader.java:141)
	at com.eviware.soapui.plugins.PluginLoader.loadPlugin(PluginLoader.java:104)
	at com.eviware.soapui.plugins.PluginLoader.loadPlugin(PluginLoader.java:54)
	at com.eviware.soapui.plugins.PluginManager.doInstallPlugin(PluginManager.java:141)
	at com.eviware.soapui.plugins.PluginManager.access$600(PluginManager.java:43)
	at com.eviware.soapui.plugins.PluginManager$LoadPluginsTask.computeSequentially(PluginManager.java:420)
	at com.eviware.soapui.plugins.PluginManager$LoadPluginsTask.compute(PluginManager.java:377)
	at com.eviware.soapui.plugins.PluginManager$LoadPluginsTask.compute(PluginManager.java:382)
	at com.eviware.soapui.plugins.PluginManager$LoadPluginsTask.compute(PluginManager.java:365)
	at java.util.concurrent.RecursiveTask.exec(RecursiveTask.java:94)
	at java.util.concurrent.ForkJoinTask.doExec(ForkJoinTask.java:289)
	at java.util.concurrent.ForkJoinPool$WorkQueue.runTask(ForkJoinPool.java:1056)
	at java.util.concurrent.ForkJoinPool.runWorker(ForkJoinPool.java:1692)
	at java.util.concurrent.ForkJoinWorkerThread.run(ForkJoinWorkerThread.java:157)
2020-08-13 23:53:34,423 ERROR [SoapUI] An error occurred [com.eviware.soapui.plugins.auto.factories.AutoImportMethodFactory], see error log for details
2020-08-13 23:53:34,436 ERROR [errorlog] java.lang.ClassNotFoundException: com.eviware.soapui.plugins.auto.factories.AutoImportMethodFactory
java.lang.ClassNotFoundException: com.eviware.soapui.plugins.auto.factories.AutoImportMethodFactory
	at org.codehaus.plexus.classworlds.strategy.SelfFirstStrategy.loadClass(SelfFirstStrategy.java:50)
	at org.codehaus.plexus.classworlds.realm.ClassRealm.unsynchronizedLoadClass(ClassRealm.java:271)
	at org.codehaus.plexus.classworlds.realm.ClassRealm.loadClass(ClassRealm.java:247)
	at org.codehaus.plexus.classworlds.realm.ClassRealm.loadClass(ClassRealm.java:239)
	at java.lang.Class.forName0(Native Method)
	at java.lang.Class.forName(Class.java:264)
	at com.eviware.soapui.plugins.LoaderBase.loadAutoFactories(LoaderBase.java:113)
	at com.eviware.soapui.plugins.LoaderBase.loadFactories(LoaderBase.java:80)
	at com.eviware.soapui.plugins.PluginLoader.loadPluginFactories(PluginLoader.java:141)
	at com.eviware.soapui.plugins.PluginLoader.loadPlugin(PluginLoader.java:104)
	at com.eviware.soapui.plugins.PluginLoader.loadPlugin(PluginLoader.java:54)
	at com.eviware.soapui.plugins.PluginManager.doInstallPlugin(PluginManager.java:141)
	at com.eviware.soapui.plugins.PluginManager.access$600(PluginManager.java:43)
	at com.eviware.soapui.plugins.PluginManager$LoadPluginsTask.computeSequentially(PluginManager.java:420)
	at com.eviware.soapui.plugins.PluginManager$LoadPluginsTask.compute(PluginManager.java:377)
	at com.eviware.soapui.plugins.PluginManager$LoadPluginsTask.compute(PluginManager.java:365)
	at java.util.concurrent.RecursiveTask.exec(RecursiveTask.java:94)
	at java.util.concurrent.ForkJoinTask.doExec(ForkJoinTask.java:289)
	at java.util.concurrent.ForkJoinPool$WorkQueue.runTask(ForkJoinPool.java:1056)
	at java.util.concurrent.ForkJoinPool.runWorker(ForkJoinPool.java:1692)
	at java.util.concurrent.ForkJoinWorkerThread.run(ForkJoinWorkerThread.java:157)
2020-08-13 23:53:34,583 ERROR [SoapUI] An error occurred [com.eviware.soapui.plugins.auto.factories.AutoDiscoveryMethodFactory], see error log for details
2020-08-13 23:53:34,589 ERROR [errorlog] java.lang.ClassNotFoundException: com.eviware.soapui.plugins.auto.factories.AutoDiscoveryMethodFactory
java.lang.ClassNotFoundException: com.eviware.soapui.plugins.auto.factories.AutoDiscoveryMethodFactory
	at org.codehaus.plexus.classworlds.strategy.SelfFirstStrategy.loadClass(SelfFirstStrategy.java:50)
	at org.codehaus.plexus.classworlds.realm.ClassRealm.unsynchronizedLoadClass(ClassRealm.java:271)
	at org.codehaus.plexus.classworlds.realm.ClassRealm.loadClass(ClassRealm.java:247)
	at org.codehaus.plexus.classworlds.realm.ClassRealm.loadClass(ClassRealm.java:239)
	at java.lang.Class.forName0(Native Method)
	at java.lang.Class.forName(Class.java:264)
	at com.eviware.soapui.plugins.LoaderBase.loadAutoFactories(LoaderBase.java:113)
	at com.eviware.soapui.plugins.LoaderBase.loadFactories(LoaderBase.java:80)
	at com.eviware.soapui.plugins.PluginLoader.loadPluginFactories(PluginLoader.java:141)
	at com.eviware.soapui.plugins.PluginLoader.loadPlugin(PluginLoader.java:104)
	at com.eviware.soapui.plugins.PluginLoader.loadPlugin(PluginLoader.java:54)
	at com.eviware.soapui.plugins.PluginManager.doInstallPlugin(PluginManager.java:141)
	at com.eviware.soapui.plugins.PluginManager.access$600(PluginManager.java:43)
	at com.eviware.soapui.plugins.PluginManager$LoadPluginsTask.computeSequentially(PluginManager.java:420)
	at com.eviware.soapui.plugins.PluginManager$LoadPluginsTask.compute(PluginManager.java:377)
	at com.eviware.soapui.plugins.PluginManager$LoadPluginsTask.compute(PluginManager.java:382)
	at com.eviware.soapui.plugins.PluginManager$LoadPluginsTask.compute(PluginManager.java:365)
	at java.util.concurrent.RecursiveTask.exec(RecursiveTask.java:94)
	at java.util.concurrent.ForkJoinTask.doExec(ForkJoinTask.java:289)
	at java.util.concurrent.ForkJoinPool$WorkQueue.runTask(ForkJoinPool.java:1056)
	at java.util.concurrent.ForkJoinPool.runWorker(ForkJoinPool.java:1692)
	at java.util.concurrent.ForkJoinWorkerThread.run(ForkJoinWorkerThread.java:157)
2020-08-13 23:53:34,786 ERROR [SoapUI] An error occurred [com.eviware.soapui.plugins.auto.factories.AutoDiscoveryMethodFactory], see error log for details
2020-08-13 23:53:34,788 ERROR [errorlog] java.lang.ClassNotFoundException: com.eviware.soapui.plugins.auto.factories.AutoDiscoveryMethodFactory
java.lang.ClassNotFoundException: com.eviware.soapui.plugins.auto.factories.AutoDiscoveryMethodFactory
	at org.codehaus.plexus.classworlds.strategy.SelfFirstStrategy.loadClass(SelfFirstStrategy.java:50)
	at org.codehaus.plexus.classworlds.realm.ClassRealm.unsynchronizedLoadClass(ClassRealm.java:271)
	at org.codehaus.plexus.classworlds.realm.ClassRealm.loadClass(ClassRealm.java:247)
	at org.codehaus.plexus.classworlds.realm.ClassRealm.loadClass(ClassRealm.java:239)
	at java.lang.Class.forName0(Native Method)
	at java.lang.Class.forName(Class.java:264)
	at com.eviware.soapui.plugins.LoaderBase.loadAutoFactories(LoaderBase.java:113)
	at com.eviware.soapui.plugins.LoaderBase.loadFactories(LoaderBase.java:80)
	at com.eviware.soapui.plugins.PluginLoader.loadPluginFactories(PluginLoader.java:141)
	at com.eviware.soapui.plugins.PluginLoader.loadPlugin(PluginLoader.java:104)
	at com.eviware.soapui.plugins.PluginLoader.loadPlugin(PluginLoader.java:54)
	at com.eviware.soapui.plugins.PluginManager.doInstallPlugin(PluginManager.java:141)
	at com.eviware.soapui.plugins.PluginManager.access$600(PluginManager.java:43)
	at com.eviware.soapui.plugins.PluginManager$LoadPluginsTask.computeSequentially(PluginManager.java:420)
	at com.eviware.soapui.plugins.PluginManager$LoadPluginsTask.compute(PluginManager.java:377)
	at com.eviware.soapui.plugins.PluginManager$LoadPluginsTask.compute(PluginManager.java:365)
	at java.util.concurrent.RecursiveTask.exec(RecursiveTask.java:94)
	at java.util.concurrent.ForkJoinTask.doExec(ForkJoinTask.java:289)
	at java.util.concurrent.ForkJoinPool$WorkQueue.runTask(ForkJoinPool.java:1056)
	at java.util.concurrent.ForkJoinPool.runWorker(ForkJoinPool.java:1692)
	at java.util.concurrent.ForkJoinWorkerThread.run(ForkJoinWorkerThread.java:157)
2020-08-13 23:53:35,003 INFO  [PluginManager] Adding plugin from [C:\Users\YogitaJunghare\.soapuios\plugins\readyapi-swaggerhub-plugin-1.0.jar]
2020-08-13 23:53:35,880 ERROR [SoapUI] An error occurred [com.eviware.soapui.plugins.auto.factories.AutoImportMethodFactory], see error log for details
2020-08-13 23:53:35,880 ERROR [errorlog] java.lang.ClassNotFoundException: com.eviware.soapui.plugins.auto.factories.AutoImportMethodFactory
java.lang.ClassNotFoundException: com.eviware.soapui.plugins.auto.factories.AutoImportMethodFactory
	at org.codehaus.plexus.classworlds.strategy.SelfFirstStrategy.loadClass(SelfFirstStrategy.java:50)
	at org.codehaus.plexus.classworlds.realm.ClassRealm.unsynchronizedLoadClass(ClassRealm.java:271)
	at org.codehaus.plexus.classworlds.realm.ClassRealm.loadClass(ClassRealm.java:247)
	at org.codehaus.plexus.classworlds.realm.ClassRealm.loadClass(ClassRealm.java:239)
	at java.lang.Class.forName0(Native Method)
	at java.lang.Class.forName(Class.java:264)
	at com.eviware.soapui.plugins.LoaderBase.loadAutoFactories(LoaderBase.java:113)
	at com.eviware.soapui.plugins.LoaderBase.loadFactories(LoaderBase.java:80)
	at com.eviware.soapui.plugins.PluginLoader.loadPluginFactories(PluginLoader.java:141)
	at com.eviware.soapui.plugins.PluginLoader.loadPlugin(PluginLoader.java:104)
	at com.eviware.soapui.plugins.PluginLoader.loadPlugin(PluginLoader.java:54)
	at com.eviware.soapui.plugins.PluginManager.doInstallPlugin(PluginManager.java:141)
	at com.eviware.soapui.plugins.PluginManager.access$600(PluginManager.java:43)
	at com.eviware.soapui.plugins.PluginManager$LoadPluginsTask.computeSequentially(PluginManager.java:420)
	at com.eviware.soapui.plugins.PluginManager$LoadPluginsTask.compute(PluginManager.java:377)
	at com.eviware.soapui.plugins.PluginManager$LoadPluginsTask.compute(PluginManager.java:382)
	at com.eviware.soapui.plugins.PluginManager$LoadPluginsTask.compute(PluginManager.java:365)
	at java.util.concurrent.RecursiveTask.exec(RecursiveTask.java:94)
	at java.util.concurrent.ForkJoinTask.doExec(ForkJoinTask.java:289)
	at java.util.concurrent.ForkJoinPool$WorkQueue.runTask(ForkJoinPool.java:1056)
	at java.util.concurrent.ForkJoinPool.runWorker(ForkJoinPool.java:1692)
	at java.util.concurrent.ForkJoinWorkerThread.run(ForkJoinWorkerThread.java:157)
2020-08-13 23:53:36,093 ERROR [SoapUI] An error occurred [com.eviware.soapui.plugins.auto.factories.AutoDiscoveryMethodFactory], see error log for details
2020-08-13 23:53:36,101 ERROR [errorlog] java.lang.ClassNotFoundException: com.eviware.soapui.plugins.auto.factories.AutoDiscoveryMethodFactory
java.lang.ClassNotFoundException: com.eviware.soapui.plugins.auto.factories.AutoDiscoveryMethodFactory
	at org.codehaus.plexus.classworlds.strategy.SelfFirstStrategy.loadClass(SelfFirstStrategy.java:50)
	at org.codehaus.plexus.classworlds.realm.ClassRealm.unsynchronizedLoadClass(ClassRealm.java:271)
	at org.codehaus.plexus.classworlds.realm.ClassRealm.loadClass(ClassRealm.java:247)
	at org.codehaus.plexus.classworlds.realm.ClassRealm.loadClass(ClassRealm.java:239)
	at java.lang.Class.forName0(Native Method)
	at java.lang.Class.forName(Class.java:264)
	at com.eviware.soapui.plugins.LoaderBase.loadAutoFactories(LoaderBase.java:113)
	at com.eviware.soapui.plugins.LoaderBase.loadFactories(LoaderBase.java:80)
	at com.eviware.soapui.plugins.PluginLoader.loadPluginFactories(PluginLoader.java:141)
	at com.eviware.soapui.plugins.PluginLoader.loadPlugin(PluginLoader.java:104)
	at com.eviware.soapui.plugins.PluginLoader.loadPlugin(PluginLoader.java:54)
	at com.eviware.soapui.plugins.PluginManager.doInstallPlugin(PluginManager.java:141)
	at com.eviware.soapui.plugins.PluginManager.access$600(PluginManager.java:43)
	at com.eviware.soapui.plugins.PluginManager$LoadPluginsTask.computeSequentially(PluginManager.java:420)
	at com.eviware.soapui.plugins.PluginManager$LoadPluginsTask.compute(PluginManager.java:377)
	at com.eviware.soapui.plugins.PluginManager$LoadPluginsTask.compute(PluginManager.java:382)
	at com.eviware.soapui.plugins.PluginManager$LoadPluginsTask.compute(PluginManager.java:365)
	at java.util.concurrent.RecursiveTask.exec(RecursiveTask.java:94)
	at java.util.concurrent.ForkJoinTask.doExec(ForkJoinTask.java:289)
	at java.util.concurrent.ForkJoinPool$WorkQueue.runTask(ForkJoinPool.java:1056)
	at java.util.concurrent.ForkJoinPool.runWorker(ForkJoinPool.java:1692)
	at java.util.concurrent.ForkJoinWorkerThread.run(ForkJoinWorkerThread.java:157)
2020-08-13 23:53:36,335 INFO  [PluginManager] 5 plugins loaded in 4767 ms
2020-08-13 23:53:36,335 INFO  [DefaultSoapUICore] All plugins loaded
2020-08-13 23:53:38,327 INFO  [WsdlProject] Loaded project from [file:/C:/Users/YogitaJunghare/Desktop/Main%20Project/my-app/customerCustomerRepositoryV1project-soapui-project.xml]
2020-08-13 23:53:38,337 INFO  [SoapUITestCaseRunner] Running SoapUI tests in project [customerCustomerRepositoryV1project]
2020-08-13 23:53:38,341 INFO  [SoapUITestCaseRunner] Running Project [customerCustomerRepositoryV1project], runType = SEQUENTIAL
2020-08-13 23:53:38,385 INFO  [SoapUITestCaseRunner] Running SoapUI testcase [customer]
2020-08-13 23:53:38,399 INFO  [SoapUITestCaseRunner] running step [Properties]
2020-08-13 23:53:38,452 INFO  [SoapUITestCaseRunner] running step [add]
2020-08-13 23:54:06,193 INFO  [SchemaUtils] Added default schema from file:/C:/Users/YogitaJunghare/.m2/repository/com/smartbear/soapui/soapui/5.5.0/soapui-5.5.0.jar!/com/eviware/soapui/resources/xsds/xop.xsd with targetNamespace http://www.w3.org/2004/08/xop/include
2020-08-13 23:54:06,255 INFO  [SchemaUtils] Added default schema from file:/C:/Users/YogitaJunghare/.m2/repository/com/smartbear/soapui/soapui/5.5.0/soapui-5.5.0.jar!/com/eviware/soapui/resources/xsds/XMLSchema.xsd with targetNamespace http://www.w3.org/2001/XMLSchema
2020-08-13 23:54:06,269 INFO  [SchemaUtils] Added default schema from file:/C:/Users/YogitaJunghare/.m2/repository/com/smartbear/soapui/soapui/5.5.0/soapui-5.5.0.jar!/com/eviware/soapui/resources/xsds/xml.xsd with targetNamespace http://www.w3.org/XML/1998/namespace
2020-08-13 23:54:06,282 INFO  [SchemaUtils] Added default schema from file:/C:/Users/YogitaJunghare/.m2/repository/com/smartbear/soapui/soapui/5.5.0/soapui-5.5.0.jar!/com/eviware/soapui/resources/xsds/swaref.xsd with targetNamespace http://ws-i.org/profiles/basic/1.1/xsd
2020-08-13 23:54:06,289 INFO  [SchemaUtils] Added default schema from file:/C:/Users/YogitaJunghare/.m2/repository/com/smartbear/soapui/soapui/5.5.0/soapui-5.5.0.jar!/com/eviware/soapui/resources/xsds/xmime200505.xsd with targetNamespace http://www.w3.org/2005/05/xmlmime
2020-08-13 23:54:06,296 INFO  [SchemaUtils] Added default schema from file:/C:/Users/YogitaJunghare/.m2/repository/com/smartbear/soapui/soapui/5.5.0/soapui-5.5.0.jar!/com/eviware/soapui/resources/xsds/xmime200411.xsd with targetNamespace http://www.w3.org/2004/11/xmlmime
2020-08-13 23:54:06,304 INFO  [SchemaUtils] Added default schema from file:/C:/Users/YogitaJunghare/.m2/repository/com/smartbear/soapui/soapui/5.5.0/soapui-5.5.0.jar!/com/eviware/soapui/resources/xsds/soapEnvelope.xsd with targetNamespace http://schemas.xmlsoap.org/soap/envelope/
2020-08-13 23:54:06,316 INFO  [SchemaUtils] Added default schema from file:/C:/Users/YogitaJunghare/.m2/repository/com/smartbear/soapui/soapui/5.5.0/soapui-5.5.0.jar!/com/eviware/soapui/resources/xsds/soapEncoding.xsd with targetNamespace http://schemas.xmlsoap.org/soap/encoding/
2020-08-13 23:54:06,321 INFO  [SchemaUtils] Added default schema from file:/C:/Users/YogitaJunghare/.m2/repository/com/smartbear/soapui/soapui/5.5.0/soapui-5.5.0.jar!/com/eviware/soapui/resources/xsds/soapEnvelope12.xsd with targetNamespace http://www.w3.org/2003/05/soap-envelope
2020-08-13 23:54:06,330 INFO  [SchemaUtils] Added default schema from file:/C:/Users/YogitaJunghare/.m2/repository/com/smartbear/soapui/soapui/5.5.0/soapui-5.5.0.jar!/com/eviware/soapui/resources/xsds/soapEncoding12.xsd with targetNamespace http://www.w3.org/2003/05/soap-encoding
2020-08-13 23:54:06,333 INFO  [SchemaUtils] Loading schema types from [file:\C:\Users\YogitaJunghare\Downloads\SDET\API\customerCustomerRepositoryV1.xml]
2020-08-13 23:54:06,341 INFO  [SchemaUtils] Getting schema file:\C:\Users\YogitaJunghare\Downloads\SDET\API\customerCustomerRepositoryV1.xml
2020-08-13 23:54:06,687 INFO  [SoapUITestCaseRunner] Assertion [SOAP Response] has status VALID
2020-08-13 23:54:06,688 INFO  [SoapUITestCaseRunner] Assertion [Schema Compliance] has status VALID
2020-08-13 23:54:06,692 INFO  [SoapUITestCaseRunner] running step [getlist]
2020-08-13 23:54:15,208 INFO  [SoapUITestCaseRunner] Assertion [SOAP Response] has status VALID
2020-08-13 23:54:15,210 INFO  [SoapUITestCaseRunner] Assertion [Schema Compliance] has status VALID
2020-08-13 23:54:15,212 INFO  [SoapUITestCaseRunner] Assertion [Not SOAP Fault] has status VALID
2020-08-13 23:54:15,217 INFO  [SoapUITestCaseRunner] running step [customerid]
2020-08-13 23:54:15,524 INFO  [SoapUITestCaseRunner] running step [getByID]
2020-08-13 23:54:16,470 INFO  [SoapUITestCaseRunner] Assertion [SOAP Response] has status VALID
2020-08-13 23:54:16,471 INFO  [SoapUITestCaseRunner] Assertion [Schema Compliance] has status VALID
2020-08-13 23:54:16,472 INFO  [SoapUITestCaseRunner] Assertion [Not SOAP Fault] has status VALID
2020-08-13 23:54:16,479 INFO  [SoapUITestCaseRunner] running step [Property Transfer]
2020-08-13 23:54:16,489 INFO  [SoapUITestCaseRunner] running step [deleteById]
2020-08-13 23:54:17,740 INFO  [SoapUITestCaseRunner] Assertion [SOAP Response] has status VALID
2020-08-13 23:54:17,740 INFO  [SoapUITestCaseRunner] Assertion [Schema Compliance] has status VALID
2020-08-13 23:54:17,742 INFO  [SoapUITestCaseRunner] Assertion [Not SOAP Fault] has status VALID
2020-08-13 23:54:17,757 INFO  [SoapUITestCaseRunner] Finished running SoapUI testcase [customer], time taken: 39297ms, status: FINISHED
2020-08-13 23:54:17,766 INFO  [SoapUITestCaseRunner] Running SoapUI testcase [TC_withScript]
2020-08-13 23:54:17,768 INFO  [SoapUITestCaseRunner] running step [token]
2020-08-13 23:54:17,771 INFO  [SoapUITestCaseRunner] running step [add]
2020-08-13 23:54:18,881 INFO  [SoapUITestCaseRunner] Assertion [SOAP Response] has status VALID
2020-08-13 23:54:18,881 INFO  [SoapUITestCaseRunner] Assertion [Schema Compliance] has status VALID
2020-08-13 23:54:18,883 INFO  [SoapUITestCaseRunner] Assertion [Not SOAP Fault] has status VALID
2020-08-13 23:54:18,888 INFO  [SoapUITestCaseRunner] Assertion [Script Assertion] has status VALID
2020-08-13 23:54:18,889 INFO  [SoapUITestCaseRunner] running step [getList]
2020-08-13 23:54:25,170 INFO  [SoapUITestCaseRunner] Assertion [SOAP Response] has status VALID
2020-08-13 23:54:25,174 INFO  [SoapUITestCaseRunner] Assertion [Schema Compliance] has status VALID
2020-08-13 23:54:25,177 INFO  [SoapUITestCaseRunner] Assertion [Not SOAP Fault] has status VALID
2020-08-13 23:54:25,178 INFO  [SoapUITestCaseRunner] running step [getById]
2020-08-13 23:54:26,177 INFO  [SoapUITestCaseRunner] Assertion [SOAP Response] has status VALID
2020-08-13 23:54:26,178 INFO  [SoapUITestCaseRunner] Assertion [Schema Compliance] has status VALID
2020-08-13 23:54:26,184 INFO  [SoapUITestCaseRunner] Assertion [Not SOAP Fault] has status VALID
2020-08-13 23:54:26,185 INFO  [SoapUITestCaseRunner] running step [deleteById]
2020-08-13 23:54:27,613 INFO  [SoapUITestCaseRunner] Assertion [SOAP Response] has status VALID
2020-08-13 23:54:27,613 INFO  [SoapUITestCaseRunner] Assertion [Schema Compliance] has status VALID
2020-08-13 23:54:27,614 INFO  [SoapUITestCaseRunner] Assertion [Not SOAP Fault] has status VALID
2020-08-13 23:54:27,619 INFO  [SoapUITestCaseRunner] Finished running SoapUI testcase [TC_withScript], time taken: 9814ms, status: FINISHED
2020-08-13 23:54:27,624 INFO  [SoapUITestCaseRunner] Running SoapUI testcase [grrovy]
2020-08-13 23:54:27,625 INFO  [SoapUITestCaseRunner] running step [token]
2020-08-13 23:54:27,630 INFO  [SoapUITestCaseRunner] running step [add]
2020-08-13 23:54:28,649 INFO  [SoapUITestCaseRunner] Assertion [SOAP Response] has status VALID
2020-08-13 23:54:28,650 INFO  [SoapUITestCaseRunner] Assertion [Schema Compliance] has status VALID
2020-08-13 23:54:28,651 INFO  [SoapUITestCaseRunner] Assertion [Not SOAP Fault] has status VALID
2020-08-13 23:54:28,656 INFO  [SoapUITestCaseRunner] running step [Groovy Script]
2020-08-13 23:54:28,730 INFO  [log] firstname is Yogita
2020-08-13 23:54:28,732 INFO  [log] found
2020-08-13 23:54:28,734 INFO  [SoapUITestCaseRunner] running step [getList]
2020-08-13 23:54:34,362 INFO  [SoapUITestCaseRunner] Assertion [SOAP Response] has status VALID
2020-08-13 23:54:34,362 INFO  [SoapUITestCaseRunner] Assertion [Schema Compliance] has status VALID
2020-08-13 23:54:34,365 INFO  [SoapUITestCaseRunner] Assertion [Not SOAP Fault] has status VALID
2020-08-13 23:54:34,370 INFO  [SoapUITestCaseRunner] running step [getByid]
2020-08-13 23:54:35,239 INFO  [SoapUITestCaseRunner] Assertion [SOAP Response] has status VALID
2020-08-13 23:54:35,240 INFO  [SoapUITestCaseRunner] Assertion [Schema Compliance] has status VALID
2020-08-13 23:54:35,240 INFO  [SoapUITestCaseRunner] Assertion [Not SOAP Fault] has status VALID
2020-08-13 23:54:35,241 INFO  [SoapUITestCaseRunner] running step [deleteByid]
2020-08-13 23:54:36,472 INFO  [SoapUITestCaseRunner] Assertion [SOAP Response] has status VALID
2020-08-13 23:54:36,473 INFO  [SoapUITestCaseRunner] Assertion [Schema Compliance] has status VALID
2020-08-13 23:54:36,474 INFO  [SoapUITestCaseRunner] Assertion [Not SOAP Fault] has status VALID
2020-08-13 23:54:36,479 INFO  [SoapUITestCaseRunner] Finished running SoapUI testcase [grrovy], time taken: 8811ms, status: FINISHED
2020-08-13 23:54:36,481 INFO  [SoapUITestCaseRunner] Running SoapUI testcase [GOTO]
2020-08-13 23:54:36,482 INFO  [SoapUITestCaseRunner] running step [token]
2020-08-13 23:54:36,485 INFO  [SoapUITestCaseRunner] running step [ADD]
2020-08-13 23:54:37,364 INFO  [SoapUITestCaseRunner] Assertion [SOAP Response] has status VALID
2020-08-13 23:54:37,365 INFO  [SoapUITestCaseRunner] Assertion [Schema Compliance] has status VALID
2020-08-13 23:54:37,370 INFO  [SoapUITestCaseRunner] Assertion [Not SOAP Fault] has status VALID
2020-08-13 23:54:37,373 INFO  [SoapUITestCaseRunner] running step [Conditional Goto]
2020-08-13 23:54:37,389 ERROR [WsdlGotoTestStep] Error making condition Condition 1; java.lang.RuntimeException: net.sf.saxon.trans.XPathException: XPath syntax error at char 8 in {exists($ADD#}:
    Invalid character '#' in expression
2020-08-13 23:54:37,397 INFO  [SoapUITestCaseRunner] running step [getList]
2020-08-13 23:54:42,823 INFO  [SoapUITestCaseRunner] Assertion [SOAP Response] has status VALID
2020-08-13 23:54:42,823 INFO  [SoapUITestCaseRunner] Assertion [Schema Compliance] has status VALID
2020-08-13 23:54:42,825 INFO  [SoapUITestCaseRunner] Assertion [Not SOAP Fault] has status VALID
2020-08-13 23:54:42,831 INFO  [SoapUITestCaseRunner] running step [getByid]
2020-08-13 23:54:43,626 INFO  [SoapUITestCaseRunner] Assertion [SOAP Response] has status VALID
2020-08-13 23:54:43,626 INFO  [SoapUITestCaseRunner] Assertion [Schema Compliance] has status VALID
2020-08-13 23:54:43,627 INFO  [SoapUITestCaseRunner] Assertion [Not SOAP Fault] has status VALID
2020-08-13 23:54:43,628 INFO  [SoapUITestCaseRunner] running step [Conditional Goto2]
2020-08-13 23:54:43,631 ERROR [WsdlGotoTestStep] Error making condition Condition 1; java.lang.RuntimeException: net.sf.saxon.trans.XPathException: XPath syntax error at char 8 in {exists($getByid#}:
    Invalid character '#' in expression
2020-08-13 23:54:43,638 INFO  [SoapUITestCaseRunner] running step [deleteByid]
2020-08-13 23:54:45,173 INFO  [SoapUITestCaseRunner] Assertion [SOAP Response] has status VALID
2020-08-13 23:54:45,173 INFO  [SoapUITestCaseRunner] Assertion [Schema Compliance] has status VALID
2020-08-13 23:54:45,174 INFO  [SoapUITestCaseRunner] Assertion [Not SOAP Fault] has status VALID
2020-08-13 23:54:45,180 INFO  [SoapUITestCaseRunner] Finished running SoapUI testcase [GOTO], time taken: 8654ms, status: FINISHED
2020-08-13 23:54:45,185 INFO  [SoapUITestCaseRunner] Running SoapUI testcase [tc]
2020-08-13 23:54:45,186 INFO  [SoapUITestCaseRunner] running step [token]
2020-08-13 23:54:45,187 INFO  [SoapUITestCaseRunner] running step [add]
2020-08-13 23:54:46,251 INFO  [SoapUITestCaseRunner] Assertion [SOAP Response] has status VALID
2020-08-13 23:54:46,253 INFO  [SoapUITestCaseRunner] Assertion [Schema Compliance] has status VALID
2020-08-13 23:54:46,254 INFO  [SoapUITestCaseRunner] Assertion [Not SOAP Fault] has status VALID
2020-08-13 23:54:46,258 INFO  [SoapUITestCaseRunner] running step [Groovy Script]
2020-08-13 23:54:46,274 INFO  [log] firstname is junghare
2020-08-13 23:54:46,275 INFO  [log] failed
2020-08-13 23:54:46,277 INFO  [SoapUITestCaseRunner] running step [getByid]
2020-08-13 23:54:47,017 INFO  [SoapUITestCaseRunner] Assertion [SOAP Response] has status VALID
2020-08-13 23:54:47,017 INFO  [SoapUITestCaseRunner] Assertion [Schema Compliance] has status VALID
2020-08-13 23:54:47,018 INFO  [SoapUITestCaseRunner] Assertion [Not SOAP Fault] has status VALID
2020-08-13 23:54:47,023 INFO  [SoapUITestCaseRunner] running step [deleteByid]
2020-08-13 23:54:47,931 INFO  [SoapUITestCaseRunner] Assertion [SOAP Response] has status VALID
2020-08-13 23:54:47,932 INFO  [SoapUITestCaseRunner] Assertion [Schema Compliance] has status VALID
2020-08-13 23:54:47,933 INFO  [SoapUITestCaseRunner] Assertion [Not SOAP Fault] has status VALID
2020-08-13 23:54:47,934 INFO  [SoapUITestCaseRunner] Finished running SoapUI testcase [tc], time taken: 2712ms, status: FINISHED
2020-08-13 23:54:47,939 INFO  [SoapUITestCaseRunner] Running SoapUI testcase [ST]
2020-08-13 23:54:47,940 INFO  [SoapUITestCaseRunner] running step [ST]
2020-08-13 23:54:48,372 INFO  [log] 2 and 3
2020-08-13 23:54:48,384 INFO  [log] nilesh@gmail.com
2020-08-13 23:54:48,386 INFO  [log] nilesh
2020-08-13 23:54:48,387 INFO  [log] nilesh
2020-08-13 23:54:48,388 INFO  [log] junghare
2020-08-13 23:54:48,389 INFO  [log] junghare
2020-08-13 23:54:48,447 INFO  [SoapUITestCaseRunner] Running SoapUI testcase [tc]
2020-08-13 23:54:48,450 INFO  [SoapUITestCaseRunner] running step [token]
2020-08-13 23:54:48,456 INFO  [SoapUITestCaseRunner] running step [add]
2020-08-13 23:54:49,568 INFO  [SoapUITestCaseRunner] Assertion [SOAP Response] has status VALID
2020-08-13 23:54:49,569 INFO  [SoapUITestCaseRunner] Assertion [Schema Compliance] has status VALID
2020-08-13 23:54:49,570 INFO  [SoapUITestCaseRunner] Assertion [Not SOAP Fault] has status VALID
2020-08-13 23:54:49,574 INFO  [SoapUITestCaseRunner] running step [Groovy Script]
2020-08-13 23:54:49,582 INFO  [log] firstname is junghare
2020-08-13 23:54:49,583 INFO  [log] failed
2020-08-13 23:54:49,584 INFO  [SoapUITestCaseRunner] running step [getByid]
2020-08-13 23:54:50,519 INFO  [SoapUITestCaseRunner] Assertion [SOAP Response] has status VALID
2020-08-13 23:54:50,520 INFO  [SoapUITestCaseRunner] Assertion [Schema Compliance] has status VALID
2020-08-13 23:54:50,521 INFO  [SoapUITestCaseRunner] Assertion [Not SOAP Fault] has status VALID
2020-08-13 23:54:50,525 INFO  [SoapUITestCaseRunner] running step [deleteByid]
2020-08-13 23:54:51,483 INFO  [SoapUITestCaseRunner] Assertion [SOAP Response] has status VALID
2020-08-13 23:54:51,484 INFO  [SoapUITestCaseRunner] Assertion [Schema Compliance] has status VALID
2020-08-13 23:54:51,484 INFO  [SoapUITestCaseRunner] Assertion [Not SOAP Fault] has status VALID
2020-08-13 23:54:51,490 INFO  [SoapUITestCaseRunner] Finished running SoapUI testcase [tc], time taken: 2997ms, status: FINISHED
2020-08-13 23:54:51,491 INFO  [log] Status: FINISHED, time taken for TestCase was: 2997 ms
2020-08-13 23:54:51,512 INFO  [log] Number of test steps which ran: 5
2020-08-13 23:54:51,520 INFO  [SoapUITestCaseRunner] Finished running SoapUI testcase [ST], time taken: 3576ms, status: FINISHED
2020-08-13 23:54:51,521 INFO  [SoapUITestCaseRunner] Running SoapUI testcase [DataBaseTesting]
2020-08-13 23:54:51,525 INFO  [SoapUITestCaseRunner] running step [DBConnection]
2020-08-13 23:54:51,900 INFO  [SoapUITestCaseRunner] running step [Groovy]
2020-08-13 23:54:51,931 INFO  [log] <Results>
    <ResultSet fetchSize="0">
        <Row rowNumber="1">
            <CUSTOMERS.EMAIL>yogita7@gmail.com</CUSTOMERS.EMAIL>
            <CUSTOMERS.FIRSTNAME>Yogita7</CUSTOMERS.FIRSTNAME>
            <CUSTOMERS.LASTNAME>Junghare7</CUSTOMERS.LASTNAME>
        </Row>
        <Row rowNumber="2">
            <CUSTOMERS.EMAIL>yogita8@gmail.com</CUSTOMERS.EMAIL>
            <CUSTOMERS.FIRSTNAME>Yogita8</CUSTOMERS.FIRSTNAME>
            <CUSTOMERS.LASTNAME>Junghare8</CUSTOMERS.LASTNAME>
        </Row>
        <Row rowNumber="3">
            <CUSTOMERS.EMAIL>yogita9@gmail.com</CUSTOMERS.EMAIL>
            <CUSTOMERS.FIRSTNAME>Yogita9</CUSTOMERS.FIRSTNAME>
            <CUSTOMERS.LASTNAME>Junghare9</CUSTOMERS.LASTNAME>
        </Row>
    </ResultSet>
</Results>

2020-08-13 23:54:51,979 INFO  [log] 3
2020-08-13 23:54:51,991 INFO  [log] email: yogita7@gmail.com
2020-08-13 23:54:51,991 INFO  [log] firstname: Yogita7
2020-08-13 23:54:51,992 INFO  [log] lastname: Junghare7
2020-08-13 23:54:51,999 INFO  [log] email: yogita8@gmail.com
2020-08-13 23:54:52,001 INFO  [log] firstname: Yogita8
2020-08-13 23:54:52,002 INFO  [log] lastname: Junghare8
2020-08-13 23:54:52,013 INFO  [log] email: yogita9@gmail.com
2020-08-13 23:54:52,013 INFO  [log] firstname: Yogita9
2020-08-13 23:54:52,014 INFO  [log] lastname: Junghare9
2020-08-13 23:54:52,019 INFO  [SoapUITestCaseRunner] running step [add]
2020-08-13 23:54:52,983 INFO  [SoapUITestCaseRunner] Assertion [SOAP Response] has status VALID
2020-08-13 23:54:52,983 INFO  [SoapUITestCaseRunner] Assertion [Schema Compliance] has status VALID
2020-08-13 23:54:52,985 INFO  [SoapUITestCaseRunner] Assertion [Not SOAP Fault] has status VALID
2020-08-13 23:54:52,990 INFO  [SoapUITestCaseRunner] Assertion [Script Assertion] has status VALID
2020-08-13 23:54:52,992 INFO  [SoapUITestCaseRunner] running step [getList]
2020-08-13 23:54:58,329 INFO  [SoapUITestCaseRunner] Assertion [SOAP Response] has status VALID
2020-08-13 23:54:58,329 INFO  [SoapUITestCaseRunner] Assertion [Schema Compliance] has status VALID
2020-08-13 23:54:58,332 INFO  [SoapUITestCaseRunner] Assertion [Not SOAP Fault] has status VALID
2020-08-13 23:54:58,337 INFO  [SoapUITestCaseRunner] running step [getByid]
2020-08-13 23:54:59,583 INFO  [SoapUITestCaseRunner] Assertion [SOAP Response] has status VALID
2020-08-13 23:54:59,585 INFO  [SoapUITestCaseRunner] Assertion [Schema Compliance] has status VALID
2020-08-13 23:54:59,587 INFO  [SoapUITestCaseRunner] Assertion [Not SOAP Fault] has status VALID
2020-08-13 23:54:59,592 INFO  [SoapUITestCaseRunner] running step [deleteByid]
2020-08-13 23:55:00,792 INFO  [SoapUITestCaseRunner] Assertion [SOAP Response] has status VALID
2020-08-13 23:55:00,792 INFO  [SoapUITestCaseRunner] Assertion [Schema Compliance] has status VALID
2020-08-13 23:55:00,793 INFO  [SoapUITestCaseRunner] Assertion [Not SOAP Fault] has status VALID
2020-08-13 23:55:00,799 INFO  [SoapUITestCaseRunner] Finished running SoapUI testcase [DataBaseTesting], time taken: 9231ms, status: FINISHED
2020-08-13 23:55:00,800 INFO  [SoapUITestCaseRunner] Project [customerCustomerRepositoryV1project] finished with status [FINISHED] in 82445ms
2020-08-13 23:57:42,631 WARN  [Tools] Could not delete temporary directory C:\Users\YOGITA~1\AppData\Local\Temp\14798f1c-d52e-4552-a2da-4b36d86de926
2020-08-13 23:57:42,651 WARN  [Tools] Could not delete temporary directory C:\Users\YOGITA~1\AppData\Local\Temp\5d435d61-a2b9-431b-a311-f9dd118e0d33
